<?xml version="1.0" encoding="UTF-8"?>
<!-- Generated by org.testng.reporters.JUnitReportReporter -->
<testsuite hostname="DESKTOP-9CG3S45" failures="0" tests="1" name="testFiles.TC4_LoginToAmazon_AddNewAddress_Logout" time="54.583" errors="0" timestamp="2025-06-04T16:45:32 IST" skipped="0">
  <testcase classname="testFiles.TC4_LoginToAmazon_AddNewAddress_Logout" name="loginToAmazonAddNewAddressLogout" time="54.583"/>
  <system-out>
    <![CDATA[Browser is successfully launched
Browser is successfully closed
Browser is successfully launched
Moving control from parent to child window
Browser is successfully closed
Browser is successfully launched
Moving control from parent to child window
Browser is successfully closed
Browser is successfully launched
Browser is successfully closed
Browser is successfully launched
Browser is successfully closed]]>
  </system-out>
</testsuite> <!-- testFiles.TC4_LoginToAmazon_AddNewAddress_Logout -->
