<?xml version="1.0" encoding="UTF-8"?>
<!-- Generated by org.testng.reporters.JUnitReportReporter -->
<testsuite hostname="DESKTOP-9CG3S45" failures="0" tests="1" name="testFiles.TC2_LoginToAmazon_SearchProduct_AddToWishlist" time="38.137" errors="0" timestamp="2025-06-04T16:21:19 IST" skipped="0">
  <testcase classname="testFiles.TC2_LoginToAmazon_SearchProduct_AddToWishlist" name="loginToAmazonSearchProductAddwishlist" time="38.137">
    <system-out>
      <![CDATA[Moving control from parent to child window]]>
    </system-out>
  </testcase> <!-- loginToAmazonSearchProductAddwishlist -->
  <system-out>
    <![CDATA[Browser is successfully launched
Browser is successfully closed
Browser is successfully launched
Moving control from parent to child window
Browser is successfully closed
Browser is successfully launched
Moving control from parent to child window
Browser is successfully closed
Browser is successfully launched
Browser is successfully closed
Browser is successfully launched
Browser is successfully closed]]>
  </system-out>
</testsuite> <!-- testFiles.TC2_LoginToAmazon_SearchProduct_AddToWishlist -->
